<?xml version="1.0" encoding="UTF-8"?>
<testng-results skipped="0" failed="0" total="1" passed="1">
  <reporter-output>
  </reporter-output>
  <suite name="Surefire suite" duration-ms="15233" started-at="2020-04-27T20:32:07Z" finished-at="2020-04-27T20:32:22Z">
    <groups>
    </groups>
    <test name="Surefire test" duration-ms="15233" started-at="2020-04-27T20:32:07Z" finished-at="2020-04-27T20:32:22Z">
      <class name="com.testing.AppTest">
        <test-method status="PASS" signature="openBrowserOpenURL()[pri:0, instance:com.testing.AppTest@12843fce]" name="openBrowserOpenURL" is-config="true" duration-ms="10472" started-at="2020-04-27T16:32:07Z" finished-at="2020-04-27T16:32:17Z">
          <reporter-output>
          </reporter-output>
        </test-method> <!-- openBrowserOpenURL -->
        <test-method status="PASS" signature="attributeTest()[pri:0, instance:com.testing.AppTest@12843fce]" name="attributeTest" duration-ms="4607" started-at="2020-04-27T16:32:17Z" finished-at="2020-04-27T16:32:22Z">
          <reporter-output>
          </reporter-output>
        </test-method> <!-- attributeTest -->
        <test-method status="PASS" signature="closeBrowser()[pri:0, instance:com.testing.AppTest@12843fce]" name="closeBrowser" is-config="true" duration-ms="144" started-at="2020-04-27T16:32:22Z" finished-at="2020-04-27T16:32:22Z">
          <reporter-output>
          </reporter-output>
        </test-method> <!-- closeBrowser -->
      </class> <!-- com.testing.AppTest -->
    </test> <!-- Surefire test -->
  </suite> <!-- Surefire suite -->
</testng-results>
