<?xml version="1.0" encoding="UTF-8"?>
<testsuite xmlns:xsi="http://www.w3.org/2001/XMLSchema-instance" xsi:noNamespaceSchemaLocation="https://maven.apache.org/surefire/maven-surefire-plugin/xsd/surefire-test-report.xsd" name="runnerPackage.TestRunner" time="33.824" tests="3" errors="0" skipped="0" failures="0">
  <properties>
[...]
</properties>
  <testcase name="Search Country" classname="Search on Google with Data" time="11.823"/>
  <testcase name="Search India" classname="Search on Google" time="10.639"/>
  <testcase name="Search Canada" classname="Search on Google" time="11.034"/>
</testsuite>