<?xml version="1.0" encoding="UTF-8" ?>
<testsuites>
  <testsuite errors="0" failures="0" hostname="Swaminarayan" id="0" name="JunitSuiteRunnerTest" package="junit_ANT" skipped="0" tests="3" time="0.11" timestamp="2020-07-16T17:04:45">
      <properties>
[...]
</properties>

      <testcase classname="junit_ANT.Testing1" name="test1" time="0.003" />

      <testcase classname="junit_ANT.Testing2" name="test2" time="0.0" />

      <testcase classname="junit_ANT.Testing2" name="test3" time="0.001" />

      <system-out><![CDATA[I am in Before Class
I am in Before
Login
I am in Test1
I am in After
Logout
I am in After Class
I am in testAssert 2
After assert
After 2nd Assert
I am in testAssert 3
After 1st Assert
After 2nd Assert
]]></system-out>

      <system-err><![CDATA[]]></system-err>

  </testsuite>
</testsuites>
