<?xml version="1.0" encoding="UTF-8"?>
<testng-results skipped="0" failed="0" total="2" passed="2">
  <reporter-output>
  </reporter-output>
  <suite name="Surefire suite" duration-ms="29162" started-at="2020-04-27T20:32:43Z" finished-at="2020-04-27T20:33:12Z">
    <groups>
    </groups>
    <test name="Surefire test" duration-ms="29162" started-at="2020-04-27T20:32:43Z" finished-at="2020-04-27T20:33:12Z">
      <class name="com.testing.TestFile">
        <test-method status="PASS" signature="beforeMethod()[pri:0, instance:com.testing.TestFile@6d78f375]" name="beforeMethod" is-config="true" duration-ms="9977" started-at="2020-04-27T16:32:43Z" finished-at="2020-04-27T16:32:53Z">
          <reporter-output>
          </reporter-output>
        </test-method> <!-- beforeMethod -->
        <test-method status="PASS" signature="searchCanadaTest()[pri:0, instance:com.testing.TestFile@6d78f375]" name="searchCanadaTest" duration-ms="4417" started-at="2020-04-27T16:32:53Z" finished-at="2020-04-27T16:32:58Z">
          <reporter-output>
          </reporter-output>
        </test-method> <!-- searchCanadaTest -->
        <test-method status="PASS" signature="afterMethod(org.testng.ITestResult)[pri:0, instance:com.testing.TestFile@6d78f375]" name="afterMethod" is-config="true" duration-ms="752" started-at="2020-04-27T16:32:58Z" finished-at="2020-04-27T16:32:58Z">
          <params>
            <param index="0">
              <value>
                <![CDATA[[TestResult name=searchCanadaTest status=SUCCESS method=TestFile.searchCanadaTest()[pri:0, instance:com.testing.TestFile@6d78f375] output={null}]]]>
              </value>
            </param>
          </params>
          <reporter-output>
          </reporter-output>
        </test-method> <!-- afterMethod -->
        <test-method status="PASS" signature="beforeMethod()[pri:0, instance:com.testing.TestFile@6d78f375]" name="beforeMethod" is-config="true" duration-ms="8449" started-at="2020-04-27T16:32:58Z" finished-at="2020-04-27T16:33:07Z">
          <reporter-output>
          </reporter-output>
        </test-method> <!-- beforeMethod -->
        <test-method status="PASS" signature="searchIndiaTest()[pri:0, instance:com.testing.TestFile@6d78f375]" name="searchIndiaTest" duration-ms="4827" started-at="2020-04-27T16:33:07Z" finished-at="2020-04-27T16:33:12Z">
          <reporter-output>
          </reporter-output>
        </test-method> <!-- searchIndiaTest -->
        <test-method status="PASS" signature="afterMethod(org.testng.ITestResult)[pri:0, instance:com.testing.TestFile@6d78f375]" name="afterMethod" is-config="true" duration-ms="729" started-at="2020-04-27T16:33:12Z" finished-at="2020-04-27T16:33:12Z">
          <params>
            <param index="0">
              <value>
                <![CDATA[[TestResult name=searchIndiaTest status=SUCCESS method=TestFile.searchIndiaTest()[pri:0, instance:com.testing.TestFile@6d78f375] output={null}]]]>
              </value>
            </param>
          </params>
          <reporter-output>
          </reporter-output>
        </test-method> <!-- afterMethod -->
      </class> <!-- com.testing.TestFile -->
    </test> <!-- Surefire test -->
  </suite> <!-- Surefire suite -->
</testng-results>
